This is pdfTeX, Version 3.14159265-2.6-1.40.19 (TeX Live 2018/Arch Linux) (preloaded format=pdflatex 2019.2.18)  8 JUN 2019 04:44
entering extended mode
 restricted \write18 enabled.
 file:line:error style messages enabled.
 %&-line parsing enabled.
**/home/tom/Documents/Stage/Memoire/Memoire.tex
(/home/tom/Documents/Stage/Memoire/Memoire.tex
LaTeX2e <2018-12-01>
(/usr/share/texmf-dist/tex/latex/base/report.cls
Document Class: report 2018/09/03 v1.4i Standard LaTeX document class
(/usr/share/texmf-dist/tex/latex/base/size12.clo
File: size12.clo 2018/09/03 v1.4i Standard LaTeX file (size option)
)
\c@part=\count80
\c@chapter=\count81
\c@section=\count82
\c@subsection=\count83
\c@subsubsection=\count84
\c@paragraph=\count85
\c@subparagraph=\count86
\c@figure=\count87
\c@table=\count88
\abovecaptionskip=\skip41
\belowcaptionskip=\skip42
\bibindent=\dimen102
) (/usr/share/texmf-dist/tex/latex/graphics/graphicx.sty
Package: graphicx 2017/06/01 v1.1a Enhanced LaTeX Graphics (DPC,SPQR)
 (/usr/share/texmf-dist/tex/latex/graphics/keyval.sty
Package: keyval 2014/10/28 v1.15 key=value parser (DPC)
\KV@toks@=\toks14
) (/usr/share/texmf-dist/tex/latex/graphics/graphics.sty
Package: graphics 2017/06/25 v1.2c Standard LaTeX Graphics (DPC,SPQR)
 (/usr/share/texmf-dist/tex/latex/graphics/trig.sty
Package: trig 2016/01/03 v1.10 sin cos tan (DPC)
) (/usr/share/texmf-dist/tex/latex/graphics-cfg/graphics.cfg
File: graphics.cfg 2016/06/04 v1.11 sample graphics configuration
)
Package graphics Info: Driver file: pdftex.def on input line 99.
 (/usr/share/texmf-dist/tex/latex/graphics-def/pdftex.def
File: pdftex.def 2018/01/08 v1.0l Graphics/color driver for pdftex
))
\Gin@req@height=\dimen103
\Gin@req@width=\dimen104
) (/usr/share/texmf-dist/tex/latex/caption/subcaption.sty
Package: subcaption 2018/05/01 v1.1-162 Sub-captions (AR)
 (/usr/share/texmf-dist/tex/latex/caption/caption.sty
Package: caption 2018/10/06 v3.3-154 Customizing captions (AR)
 (/usr/share/texmf-dist/tex/latex/caption/caption3.sty
Package: caption3 2018/09/12 v1.8c caption3 kernel (AR)
Package caption3 Info: TeX engine: e-TeX on input line 64.
\captionmargin=\dimen105
\captionmargin@=\dimen106
\captionwidth=\dimen107
\caption@tempdima=\dimen108
\caption@indent=\dimen109
\caption@parindent=\dimen110
\caption@hangindent=\dimen111
)
\c@caption@flags=\count89
\c@ContinuedFloat=\count90
)
\c@subfigure=\count91
\c@subtable=\count92
) (/usr/share/texmf-dist/tex/latex/amsmath/amsmath.sty
Package: amsmath 2018/12/01 v2.17b AMS math features
\@mathmargin=\skip43

For additional information on amsmath, use the `?' option.
(/usr/share/texmf-dist/tex/latex/amsmath/amstext.sty
Package: amstext 2000/06/29 v2.01 AMS text
 (/usr/share/texmf-dist/tex/latex/amsmath/amsgen.sty
File: amsgen.sty 1999/11/30 v2.0 generic functions
\@emptytoks=\toks15
\ex@=\dimen112
)) (/usr/share/texmf-dist/tex/latex/amsmath/amsbsy.sty
Package: amsbsy 1999/11/29 v1.2d Bold Symbols
\pmbraise@=\dimen113
) (/usr/share/texmf-dist/tex/latex/amsmath/amsopn.sty
Package: amsopn 2016/03/08 v2.02 operator names
)
\inf@bad=\count93
LaTeX Info: Redefining \frac on input line 223.
\uproot@=\count94
\leftroot@=\count95
LaTeX Info: Redefining \overline on input line 385.
\classnum@=\count96
\DOTSCASE@=\count97
LaTeX Info: Redefining \ldots on input line 482.
LaTeX Info: Redefining \dots on input line 485.
LaTeX Info: Redefining \cdots on input line 606.
\Mathstrutbox@=\box27
\strutbox@=\box28
\big@size=\dimen114
LaTeX Font Info:    Redeclaring font encoding OML on input line 729.
LaTeX Font Info:    Redeclaring font encoding OMS on input line 730.
\macc@depth=\count98
\c@MaxMatrixCols=\count99
\dotsspace@=\muskip10
\c@parentequation=\count100
\dspbrk@lvl=\count101
\tag@help=\toks16
\row@=\count102
\column@=\count103
\maxfields@=\count104
\andhelp@=\toks17
\eqnshift@=\dimen115
\alignsep@=\dimen116
\tagshift@=\dimen117
\tagwidth@=\dimen118
\totwidth@=\dimen119
\lineht@=\dimen120
\@envbody=\toks18
\multlinegap=\skip44
\multlinetaggap=\skip45
\mathdisplay@stack=\toks19
LaTeX Info: Redefining \[ on input line 2844.
LaTeX Info: Redefining \] on input line 2845.
) (/usr/share/texmf-dist/tex/latex/footmisc/footmisc.sty
Package: footmisc 2011/06/06 v5.5b a miscellany of footnote facilities
\FN@temptoken=\toks20
\footnotemargin=\dimen121
\c@pp@next@reset=\count105
Package footmisc Info: Declaring symbol style bringhurst on input line 855.
Package footmisc Info: Declaring symbol style chicago on input line 863.
Package footmisc Info: Declaring symbol style wiley on input line 872.
Package footmisc Info: Declaring symbol style lamport-robust on input line 883.
Package footmisc Info: Declaring symbol style lamport* on input line 903.
Package footmisc Info: Declaring symbol style lamport*-robust on input line 924.
) (/usr/share/texmf-dist/tex/latex/apacite/apacite.sty
Package: apacite 2013/07/21 v6.03 APA citation
\c@BibCnt=\count106
\bibleftmargin=\skip46
\bibindent=\skip47
\bibparsep=\skip48
\bibitemsep=\skip49
\biblabelsep=\skip50
) (/usr/share/texmf-dist/tex/latex/pdfpages/pdfpages.sty
Package: pdfpages 2017/10/31 v0.5l Insert pages of external PDF documents (AM)
 (/usr/share/texmf-dist/tex/latex/base/ifthen.sty
Package: ifthen 2014/09/29 v1.1c Standard LaTeX ifthen package (DPC)
) (/usr/share/texmf-dist/tex/latex/tools/calc.sty
Package: calc 2017/05/25 v4.3 Infix arithmetic (KKT,FJ)
\calc@Acount=\count107
\calc@Bcount=\count108
\calc@Adimen=\dimen122
\calc@Bdimen=\dimen123
\calc@Askip=\skip51
\calc@Bskip=\skip52
LaTeX Info: Redefining \setlength on input line 80.
LaTeX Info: Redefining \addtolength on input line 81.
\calc@Ccount=\count109
\calc@Cskip=\skip53
) (/usr/share/texmf-dist/tex/latex/eso-pic/eso-pic.sty
Package: eso-pic 2018/04/12 v2.0h eso-pic (RN)
 (/usr/share/texmf-dist/tex/generic/oberdiek/atbegshi.sty
Package: atbegshi 2016/06/09 v1.18 At begin shipout hook (HO)
 (/usr/share/texmf-dist/tex/generic/oberdiek/infwarerr.sty
Package: infwarerr 2016/05/16 v1.4 Providing info/warning/error messages (HO)
) (/usr/share/texmf-dist/tex/generic/oberdiek/ltxcmds.sty
Package: ltxcmds 2016/05/16 v1.23 LaTeX kernel commands for general use (HO)
) (/usr/share/texmf-dist/tex/generic/oberdiek/ifpdf.sty
Package: ifpdf 2018/09/07 v3.3 Provides the ifpdf switch
)) (/usr/share/texmf-dist/tex/latex/xcolor/xcolor.sty
Package: xcolor 2016/05/11 v2.12 LaTeX color extensions (UK)
 (/usr/share/texmf-dist/tex/latex/graphics-cfg/color.cfg
File: color.cfg 2016/01/02 v1.6 sample color configuration
)
Package xcolor Info: Driver file: pdftex.def on input line 225.
Package xcolor Info: Model `cmy' substituted by `cmy0' on input line 1348.
Package xcolor Info: Model `hsb' substituted by `rgb' on input line 1352.
Package xcolor Info: Model `RGB' extended on input line 1364.
Package xcolor Info: Model `HTML' substituted by `rgb' on input line 1366.
Package xcolor Info: Model `Hsb' substituted by `hsb' on input line 1367.
Package xcolor Info: Model `tHsb' substituted by `hsb' on input line 1368.
Package xcolor Info: Model `HSB' substituted by `hsb' on input line 1369.
Package xcolor Info: Model `Gray' substituted by `gray' on input line 1370.
Package xcolor Info: Model `wave' substituted by `hsb' on input line 1371.
))
\AM@pagewidth=\dimen124
\AM@pageheight=\dimen125
 (/usr/share/texmf-dist/tex/latex/pdfpages/pppdftex.def
File: pppdftex.def 2017/10/31 v0.5l Pdfpages driver for pdfTeX (AM)
)
\AM@pagebox=\box29
\AM@global@opts=\toks21
\AM@toc@title=\toks22
\c@AM@survey=\count110
\AM@templatesizebox=\box30
) (/usr/share/texmf-dist/tex/latex/base/fontenc.sty
Package: fontenc 2018/08/11 v2.0j Standard LaTeX package
 (/usr/share/texmf-dist/tex/latex/base/t1enc.def
File: t1enc.def 2018/08/11 v2.0j Standard LaTeX file
LaTeX Font Info:    Redeclaring font encoding T1 on input line 48.
)) (/usr/share/texmf-dist/tex/latex/listings/listings.sty
\lst@mode=\count111
\lst@gtempboxa=\box31
\lst@token=\toks23
\lst@length=\count112
\lst@currlwidth=\dimen126
\lst@column=\count113
\lst@pos=\count114
\lst@lostspace=\dimen127
\lst@width=\dimen128
\lst@newlines=\count115
\lst@lineno=\count116
\lst@maxwidth=\dimen129
 (/usr/share/texmf-dist/tex/latex/listings/lstmisc.sty
File: lstmisc.sty 2018/09/02 1.7 (Carsten Heinz)
\c@lstnumber=\count117
\lst@skipnumbers=\count118
\lst@framebox=\box32
) (/usr/share/texmf-dist/tex/latex/listings/listings.cfg
File: listings.cfg 2018/09/02 1.7 listings configuration
))
Package: listings 2018/09/02 1.7 (Carsten Heinz)
 (/usr/share/texmf-dist/tex/latex/ntheorem/ntheorem.sty
Style `ntheorem', Version 1.33 <2011/08/15>
Package: ntheorem 2011/08/15 1.33
\theorem@style=\toks24
\theorem@@style=\toks25
\theorembodyfont=\toks26
\theoremnumbering=\toks27
\theorempreskipamount=\skip54
\theorempostskipamount=\skip55
\theoremframepreskipamount=\skip56
\theoremframepostskipamount=\skip57
\theoreminframepreskipamount=\skip58
\theoreminframepostskipamount=\skip59
\theorem@preskip=\toks28
\theorem@postskip=\toks29
\theorem@framepreskip=\toks30
\theorem@framepostskip=\toks31
\theorem@inframepreskip=\toks32
\theorem@inframepostskip=\toks33
\theoremindent=\dimen130
\theorem@indent=\dimen131
\theoremrightindent=\dimen132
\theorem@rightindent=\dimen133
\theoremheaderfont=\toks34
\theoremseparator=\toks35
\theoremprework=\toks36
\theorempostwork=\toks37
\theoremsymbol=\toks38
\qedsymbol=\toks39
\theoremkeyword=\toks40
\qedsymbol=\toks41
\thm@topsep=\skip60
\thm@topsepadd=\skip61
)
\c@hyp=\count119
\c@conj=\count120
\c@ass=\count121
\c@prop=\count122
\c@quest=\count123
\c@predict=\count124
\c@spe_predict=\count125
 (/usr/share/texmf-dist/tex/latex/chngcntr/chngcntr.sty
Package: chngcntr 2018/04/09 v1.1a change counter resetting
Package chngcntr Info: \counterwithout already defined.
(chngcntr)             Quitting chngcntr on input line 21.
) (/usr/share/texmf-dist/tex/latex/titlesec/titlesec.sty
Package: titlesec 2016/03/21 v2.10.2 Sectioning titles
\ttl@box=\box33
\beforetitleunit=\skip62
\aftertitleunit=\skip63
\ttl@plus=\dimen134
\ttl@minus=\dimen135
\ttl@toksa=\toks42
\titlewidth=\dimen136
\titlewidthlast=\dimen137
\titlewidthfirst=\dimen138
) (/usr/share/texmf-dist/tex/latex/blindtext/blindtext.sty
Package: blindtext 2012/01/06 V2.0 blindtext-Package
 (/usr/share/texmf-dist/tex/latex/tools/xspace.sty
Package: xspace 2014/10/28 v1.13 Space after command names (DPC,MH)
)
\c@blindtext=\count126
\c@Blindtext=\count127
\c@blind@countparstart=\count128
\blind@countxx=\count129
\blindtext@numBlindtext=\count130
\blind@countyy=\count131
\c@blindlist=\count132
\c@blindlistlevel=\count133
\c@blindlist@level=\count134
\blind@listitem=\count135
\c@blind@listcount=\count136
\c@blind@levelcount=\count137
\blind@mathformula=\count138
\blind@Mathformula=\count139
\c@blind@randomcount=\count140
\c@blind@randommax=\count141
\c@blind@pangramcount=\count142
\c@blind@pangrammax=\count143
) (/home/tom/Documents/Stage/Memoire/Memoire.aux

LaTeX Warning: Label `fig:h' multiply defined.


LaTeX Warning: Label `fig:h' multiply defined.

)
\openout1 = `Memoire.aux'.

LaTeX Font Info:    Checking defaults for OML/cmm/m/it on input line 88.
LaTeX Font Info:    ... okay on input line 88.
LaTeX Font Info:    Checking defaults for T1/cmr/m/n on input line 88.
LaTeX Font Info:    ... okay on input line 88.
LaTeX Font Info:    Checking defaults for OT1/cmr/m/n on input line 88.
LaTeX Font Info:    ... okay on input line 88.
LaTeX Font Info:    Checking defaults for OMS/cmsy/m/n on input line 88.
LaTeX Font Info:    ... okay on input line 88.
LaTeX Font Info:    Checking defaults for OMX/cmex/m/n on input line 88.
LaTeX Font Info:    ... okay on input line 88.
LaTeX Font Info:    Checking defaults for U/cmr/m/n on input line 88.
LaTeX Font Info:    ... okay on input line 88.
 (/usr/share/texmf-dist/tex/context/base/mkii/supp-pdf.mkii
[Loading MPS to PDF converter (version 2006.09.02).]
\scratchcounter=\count144
\scratchdimen=\dimen139
\scratchbox=\box34
\nofMPsegments=\count145
\nofMParguments=\count146
\everyMPshowfont=\toks43
\MPscratchCnt=\count147
\MPscratchDim=\dimen140
\MPnumerator=\count148
\makeMPintoPDFobject=\count149
\everyMPtoPDFconversion=\toks44
) (/usr/share/texmf-dist/tex/latex/oberdiek/epstopdf-base.sty
Package: epstopdf-base 2016/05/15 v2.6 Base part for package epstopdf
 (/usr/share/texmf-dist/tex/latex/oberdiek/grfext.sty
Package: grfext 2016/05/16 v1.2 Manage graphics extensions (HO)
 (/usr/share/texmf-dist/tex/generic/oberdiek/kvdefinekeys.sty
Package: kvdefinekeys 2016/05/16 v1.4 Define keys (HO)
)) (/usr/share/texmf-dist/tex/latex/oberdiek/kvoptions.sty
Package: kvoptions 2016/05/16 v3.12 Key value format for package options (HO)
 (/usr/share/texmf-dist/tex/generic/oberdiek/kvsetkeys.sty
Package: kvsetkeys 2016/05/16 v1.17 Key value parser (HO)
 (/usr/share/texmf-dist/tex/generic/oberdiek/etexcmds.sty
Package: etexcmds 2016/05/16 v1.6 Avoid name clashes with e-TeX commands (HO)
 (/usr/share/texmf-dist/tex/generic/oberdiek/ifluatex.sty
Package: ifluatex 2016/05/16 v1.4 Provides the ifluatex switch (HO)
Package ifluatex Info: LuaTeX not detected.
)
Package etexcmds Info: Could not find \expanded.
(etexcmds)             That can mean that you are not using pdfTeX 1.50 or
(etexcmds)             that some package has redefined \expanded.
(etexcmds)             In the latter case, load this package earlier.
))) (/usr/share/texmf-dist/tex/generic/oberdiek/pdftexcmds.sty
Package: pdftexcmds 2018/09/10 v0.29 Utility functions of pdfTeX for LuaTeX (HO)
Package pdftexcmds Info: LuaTeX not detected.
Package pdftexcmds Info: \pdf@primitive is available.
Package pdftexcmds Info: \pdf@ifprimitive is available.
Package pdftexcmds Info: \pdfdraftmode found.
)
Package epstopdf-base Info: Redefining graphics rule for `.eps' on input line 438.
Package grfext Info: Graphics extension search list:
(grfext)             [.pdf,.png,.jpg,.mps,.jpeg,.jbig2,.jb2,.PDF,.PNG,.JPG,.JPEG,.JBIG2,.JB2,.eps]
(grfext)             \AppendGraphicsExtensions on input line 456.
 (/usr/share/texmf-dist/tex/latex/latexconfig/epstopdf-sys.cfg
File: epstopdf-sys.cfg 2010/07/13 v1.3 Configuration of (r)epstopdf for TeX Live
))
Package caption Info: Begin \AtBeginDocument code.
Package caption Info: listings package is loaded.
Package caption Info: End \AtBeginDocument code.
\c@maskedRefs=\count150
 (/usr/share/texmf-dist/tex/latex/apacite/english.apc
File: english.apc 2013/07/21 v6.03 apacite language file
LaTeX Info: Redefining \BPBI on input line 129.
LaTeX Info: Redefining \BHBI on input line 130.
)
\AtBeginShipoutBox=\box35
 (/usr/share/texmf-dist/tex/latex/oberdiek/pdflscape.sty
Package: pdflscape 2016/05/14 v0.11 Display of landscape pages in PDF (HO)
 (/usr/share/texmf-dist/tex/latex/graphics/lscape.sty
Package: lscape 2000/10/22 v3.01 Landscape Pages (DPC)
)
Package pdflscape Info: Auto-detected driver: pdftex on input line 81.
 (/usr/share/texmf-dist/tex/generic/ifxetex/ifxetex.sty
Package: ifxetex 2010/09/12 v0.6 Provides ifxetex conditional
))
\c@lstlisting=\count151
<cogmaster.png, id=1, 549.55313pt x 510.40688pt>
File: cogmaster.png Graphic file (type png)
<use cogmaster.png>
Package pdftex.def Info: cogmaster.png  used on input line 95.
(pdftex.def)             Requested size: 97.5pt x 90.55307pt.
 [1

{/var/lib/texmf/fonts/map/pdftex/updmap/pdftex.map} </home/tom/Documents/Stage/Memoire/cogmaster.png>] (/home/tom/Documents/Stage/Memoire/Memoire.toc [1

] [2])
\tf@toc=\write3
\openout3 = `Memoire.toc'.

 [3] [1

]
LaTeX Font Info:    Try loading font information for OMS+cmr on input line 143.
 (/usr/share/texmf-dist/tex/latex/base/omscmr.fd
File: omscmr.fd 2014/09/29 v2.5h Standard LaTeX font definitions
)
LaTeX Font Info:    Font shape `OMS/cmr/m/n' in size <12> not available
(Font)              Font shape `OMS/cmsy/m/n' tried instead on input line 143.
 [2

] [3

]
<Prereg_v2.pdf, id=43, 597.6786pt x 795.68134pt>
File: Prereg_v2.pdf Graphic file (type pdf)
<use Prereg_v2.pdf>
Package pdftex.def Info: Prereg_v2.pdf  used on input line 161.
(pdftex.def)             Requested size: 597.67714pt x 795.6794pt.
File: Prereg_v2.pdf Graphic file (type pdf)
<use Prereg_v2.pdf>
Package pdftex.def Info: Prereg_v2.pdf  used on input line 161.
(pdftex.def)             Requested size: 597.67714pt x 795.6794pt.
<Prereg_v2.pdf, id=46, page=1, 597.6786pt x 795.68134pt>
File: Prereg_v2.pdf Graphic file (type pdf)
<use Prereg_v2.pdf, page 1>
Package pdftex.def Info: Prereg_v2.pdf , page1 used on input line 161.
(pdftex.def)             Requested size: 597.67714pt x 795.6794pt.
File: Prereg_v2.pdf Graphic file (type pdf)
<use Prereg_v2.pdf, page 1>
Package pdftex.def Info: Prereg_v2.pdf , page1 used on input line 161.
(pdftex.def)             Requested size: 598.17873pt x 796.34715pt.
File: Prereg_v2.pdf Graphic file (type pdf)
<use Prereg_v2.pdf, page 1>
Package pdftex.def Info: Prereg_v2.pdf , page1 used on input line 161.
(pdftex.def)             Requested size: 598.17873pt x 796.34715pt.
File: Prereg_v2.pdf Graphic file (type pdf)
<use Prereg_v2.pdf, page 1>
Package pdftex.def Info: Prereg_v2.pdf , page1 used on input line 161.
(pdftex.def)             Requested size: 598.17873pt x 796.34715pt.
File: Prereg_v2.pdf Graphic file (type pdf)
<use Prereg_v2.pdf, page 1>
Package pdftex.def Info: Prereg_v2.pdf , page1 used on input line 161.
(pdftex.def)             Requested size: 598.17873pt x 796.34715pt.
 [4 </home/tom/Documents/Stage/Memoire/Prereg_v2.pdf>]
<Prereg_v2.pdf, id=67, page=2, 597.6786pt x 795.68134pt>
File: Prereg_v2.pdf Graphic file (type pdf)
<use Prereg_v2.pdf, page 2>
Package pdftex.def Info: Prereg_v2.pdf , page2 used on input line 161.
(pdftex.def)             Requested size: 598.17873pt x 796.34715pt.
File: Prereg_v2.pdf Graphic file (type pdf)
<use Prereg_v2.pdf, page 2>
Package pdftex.def Info: Prereg_v2.pdf , page2 used on input line 161.
(pdftex.def)             Requested size: 598.17873pt x 796.34715pt.
File: Prereg_v2.pdf Graphic file (type pdf)
<use Prereg_v2.pdf, page 2>
Package pdftex.def Info: Prereg_v2.pdf , page2 used on input line 161.
(pdftex.def)             Requested size: 598.17873pt x 796.34715pt.
 [5 </home/tom/Documents/Stage/Memoire/Prereg_v2.pdf>]
<Prereg_v2.pdf, id=72, page=3, 597.6786pt x 795.68134pt>
File: Prereg_v2.pdf Graphic file (type pdf)
<use Prereg_v2.pdf, page 3>
Package pdftex.def Info: Prereg_v2.pdf , page3 used on input line 161.
(pdftex.def)             Requested size: 598.17873pt x 796.34715pt.
File: Prereg_v2.pdf Graphic file (type pdf)
<use Prereg_v2.pdf, page 3>
Package pdftex.def Info: Prereg_v2.pdf , page3 used on input line 161.
(pdftex.def)             Requested size: 598.17873pt x 796.34715pt.
File: Prereg_v2.pdf Graphic file (type pdf)
<use Prereg_v2.pdf, page 3>
Package pdftex.def Info: Prereg_v2.pdf , page3 used on input line 161.
(pdftex.def)             Requested size: 598.17873pt x 796.34715pt.
 [6 </home/tom/Documents/Stage/Memoire/Prereg_v2.pdf>]
<Prereg_v2.pdf, id=77, page=4, 597.6786pt x 795.68134pt>
File: Prereg_v2.pdf Graphic file (type pdf)
<use Prereg_v2.pdf, page 4>
Package pdftex.def Info: Prereg_v2.pdf , page4 used on input line 161.
(pdftex.def)             Requested size: 598.17873pt x 796.34715pt.
File: Prereg_v2.pdf Graphic file (type pdf)
<use Prereg_v2.pdf, page 4>
Package pdftex.def Info: Prereg_v2.pdf , page4 used on input line 161.
(pdftex.def)             Requested size: 598.17873pt x 796.34715pt.
File: Prereg_v2.pdf Graphic file (type pdf)
<use Prereg_v2.pdf, page 4>
Package pdftex.def Info: Prereg_v2.pdf , page4 used on input line 161.
(pdftex.def)             Requested size: 598.17873pt x 796.34715pt.
 [7 </home/tom/Documents/Stage/Memoire/Prereg_v2.pdf>]
<Prereg_v2.pdf, id=82, page=5, 597.6786pt x 795.68134pt>
File: Prereg_v2.pdf Graphic file (type pdf)
<use Prereg_v2.pdf, page 5>
Package pdftex.def Info: Prereg_v2.pdf , page5 used on input line 161.
(pdftex.def)             Requested size: 598.17873pt x 796.34715pt.
File: Prereg_v2.pdf Graphic file (type pdf)
<use Prereg_v2.pdf, page 5>
Package pdftex.def Info: Prereg_v2.pdf , page5 used on input line 161.
(pdftex.def)             Requested size: 598.17873pt x 796.34715pt.
File: Prereg_v2.pdf Graphic file (type pdf)
<use Prereg_v2.pdf, page 5>
Package pdftex.def Info: Prereg_v2.pdf , page5 used on input line 161.
(pdftex.def)             Requested size: 598.17873pt x 796.34715pt.
 [8 </home/tom/Documents/Stage/Memoire/Prereg_v2.pdf>]
<Prereg_v2.pdf, id=87, page=6, 597.6786pt x 795.68134pt>
File: Prereg_v2.pdf Graphic file (type pdf)
<use Prereg_v2.pdf, page 6>
Package pdftex.def Info: Prereg_v2.pdf , page6 used on input line 161.
(pdftex.def)             Requested size: 598.17873pt x 796.34715pt.
File: Prereg_v2.pdf Graphic file (type pdf)
<use Prereg_v2.pdf, page 6>
Package pdftex.def Info: Prereg_v2.pdf , page6 used on input line 161.
(pdftex.def)             Requested size: 598.17873pt x 796.34715pt.
File: Prereg_v2.pdf Graphic file (type pdf)
<use Prereg_v2.pdf, page 6>
Package pdftex.def Info: Prereg_v2.pdf , page6 used on input line 161.
(pdftex.def)             Requested size: 598.17873pt x 796.34715pt.
 [9 </home/tom/Documents/Stage/Memoire/Prereg_v2.pdf>]
<Prereg_v2.pdf, id=93, page=7, 597.6786pt x 795.68134pt>
File: Prereg_v2.pdf Graphic file (type pdf)
<use Prereg_v2.pdf, page 7>
Package pdftex.def Info: Prereg_v2.pdf , page7 used on input line 161.
(pdftex.def)             Requested size: 598.17873pt x 796.34715pt.
File: Prereg_v2.pdf Graphic file (type pdf)
<use Prereg_v2.pdf, page 7>
Package pdftex.def Info: Prereg_v2.pdf , page7 used on input line 161.
(pdftex.def)             Requested size: 598.17873pt x 796.34715pt.
File: Prereg_v2.pdf Graphic file (type pdf)
<use Prereg_v2.pdf, page 7>
Package pdftex.def Info: Prereg_v2.pdf , page7 used on input line 161.
(pdftex.def)             Requested size: 598.17873pt x 796.34715pt.
 [10 </home/tom/Documents/Stage/Memoire/Prereg_v2.pdf>]
<Prereg_v2.pdf, id=98, page=8, 597.6786pt x 795.68134pt>
File: Prereg_v2.pdf Graphic file (type pdf)
<use Prereg_v2.pdf, page 8>
Package pdftex.def Info: Prereg_v2.pdf , page8 used on input line 161.
(pdftex.def)             Requested size: 598.17873pt x 796.34715pt.
File: Prereg_v2.pdf Graphic file (type pdf)
<use Prereg_v2.pdf, page 8>
Package pdftex.def Info: Prereg_v2.pdf , page8 used on input line 161.
(pdftex.def)             Requested size: 598.17873pt x 796.34715pt.
File: Prereg_v2.pdf Graphic file (type pdf)
<use Prereg_v2.pdf, page 8>
Package pdftex.def Info: Prereg_v2.pdf , page8 used on input line 161.
(pdftex.def)             Requested size: 598.17873pt x 796.34715pt.
 [11 </home/tom/Documents/Stage/Memoire/Prereg_v2.pdf>] [12

]
Chapter 1.
[13

] [14] [15] [16]
<aphid.png, id=123, 3854.4pt x 2168.1pt>
File: aphid.png Graphic file (type png)
<use aphid.png>
Package pdftex.def Info: aphid.png  used on input line 373.
(pdftex.def)             Requested size: 390.0pt x 219.37006pt.
 [17 </home/tom/Documents/Stage/Memoire/aphid.png>] [18] [19]
<Slides_red.png, id=137, 1840.8775pt x 421.575pt>
File: Slides_red.png Graphic file (type png)
<use Slides_red.png>
Package pdftex.def Info: Slides_red.png  used on input line 527.
(pdftex.def)             Requested size: 390.0pt x 89.3117pt.


LaTeX Warning: `h' float specifier changed to `ht'.

[20]
<gazelle_wiki.jpg, id=141, 108.70613pt x 121.35338pt>
File: gazelle_wiki.jpg Graphic file (type jpg)
<use gazelle_wiki.jpg>
Package pdftex.def Info: gazelle_wiki.jpg  used on input line 553.
(pdftex.def)             Requested size: 117.00119pt x 130.61528pt.
<cheetah_wiki.jpg, id=142, 2569.6pt x 1684.2925pt>
File: cheetah_wiki.jpg Graphic file (type jpg)
<use cheetah_wiki.jpg>
Package pdftex.def Info: cheetah_wiki.jpg  used on input line 557.
(pdftex.def)             Requested size: 155.99762pt x 102.2354pt.
 [21 </home/tom/Documents/Stage/Memoire/Slides_red.png> </home/tom/Documents/Stage/Memoire/gazelle_wiki.jpg> </home/tom/Documents/Stage/Memoire/cheetah_wiki.jpg>] [22]
<Asym_sgl_JLD.jpg, id=152, 669.50125pt x 284.06125pt>
File: Asym_sgl_JLD.jpg Graphic file (type jpg)
<use Asym_sgl_JLD.jpg>
Package pdftex.def Info: Asym_sgl_JLD.jpg  used on input line 644.
(pdftex.def)             Requested size: 312.00119pt x 132.38184pt.
 [23 </home/tom/Documents/Stage/Memoire/Asym_sgl_JLD.jpg>]
<Sym_sgl_JLD.jpg, id=156, 31.72482pt x 39.21738pt>
File: Sym_sgl_JLD.jpg Graphic file (type jpg)
<use Sym_sgl_JLD.jpg>
Package pdftex.def Info: Sym_sgl_JLD.jpg  used on input line 670.
(pdftex.def)             Requested size: 234.00238pt x 289.3219pt.
 [24 </home/tom/Documents/Stage/Memoire/Sym_sgl_JLD.jpg>] [25]
LaTeX Font Info:    Font shape `OMS/cmr/m/it' in size <12> not available
(Font)              Font shape `OMS/cmsy/m/n' tried instead on input line 759.
 [26] [27]
Chapter 2.
[28

] [29] [30] [31] [32] [33] [34] [35] [36] [37]
Chapter 3.

Overfull \hbox (3.50923pt too wide) in paragraph at lines 1269--1277
\T1/cmr/m/n/12 where self-sacrificial be-hav-ior can be said to be ab-sent, $[]$
 []

[38

]
<RGT_10.png, id=208, 462.528pt x 346.896pt>
File: RGT_10.png Graphic file (type png)
<use RGT_10.png>
Package pdftex.def Info: RGT_10.png  used on input line 1284.
(pdftex.def)             Requested size: 390.0pt x 292.5128pt.
 [39 </home/tom/Documents/Stage/Memoire/RGT_10.png>]
<Exo_Genome.png, id=214, 67.75313pt x 75.28125pt>
File: Exo_Genome.png Graphic file (type png)
<use Exo_Genome.png>
Package pdftex.def Info: Exo_Genome.png  used on input line 1306.
(pdftex.def)             Requested size: 117.00554pt x 117.01208pt.
<Exo_Field.png, id=215, 150.5625pt x 112.92188pt>
File: Exo_Field.png Graphic file (type png)
<use Exo_Field.png>
Package pdftex.def Info: Exo_Field.png  used on input line 1310.
(pdftex.def)             Requested size: 117.00635pt x 117.00864pt.
<f_rgt10.png, id=216, 462.528pt x 346.896pt>
File: f_rgt10.png Graphic file (type png)
<use f_rgt10.png>
Package pdftex.def Info: f_rgt10.png  used on input line 1327.
(pdftex.def)             Requested size: 234.00238pt x 175.50133pt.


LaTeX Warning: `h' float specifier changed to `ht'.

<f_rgt5.png, id=217, 462.528pt x 346.896pt>
File: f_rgt5.png Graphic file (type png)
<use f_rgt5.png>
Package pdftex.def Info: f_rgt5.png  used on input line 1346.
(pdftex.def)             Requested size: 155.99762pt x 117.00089pt.
<f_rgt20.png, id=218, 462.528pt x 346.896pt>
File: f_rgt20.png Graphic file (type png)
<use f_rgt20.png>
Package pdftex.def Info: f_rgt20.png  used on input line 1350.
(pdftex.def)             Requested size: 155.99762pt x 117.00089pt.

LaTeX Warning: `h' float specifier changed to `ht'.

[40 </home/tom/Documents/Stage/Memoire/Exo_Genome.png (PNG copy)> </home/tom/Documents/Stage/Memoire/Exo_Field.png (PNG copy)>] [41 </home/tom/Documents/Stage/Memoire/f_rgt10.png> </home/tom/Documents/Stage/Memoire/f_rgt5.png> </home/tom/Documents/Stage/Memoire/f_rgt20.png>]
<Hered_a50.png, id=231, 462.528pt x 346.896pt>
File: Hered_a50.png Graphic file (type png)
<use Hered_a50.png>
Package pdftex.def Info: Hered_a50.png  used on input line 1379.
(pdftex.def)             Requested size: 234.00238pt x 175.50133pt.
<Repro.png, id=232, 462.528pt x 346.896pt>
File: Repro.png Graphic file (type png)
<use Repro.png>
Package pdftex.def Info: Repro.png  used on input line 1397.
(pdftex.def)             Requested size: 234.00238pt x 175.50133pt.
<Repro_magie.png, id=233, 462.528pt x 346.896pt>
File: Repro_magie.png Graphic file (type png)
<use Repro_magie.png>
Package pdftex.def Info: Repro_magie.png  used on input line 1409.
(pdftex.def)             Requested size: 234.00238pt x 175.50133pt.


LaTeX Warning: `h' float specifier changed to `ht'.

[42 </home/tom/Documents/Stage/Memoire/Hered_a50.png> </home/tom/Documents/Stage/Memoire/Repro.png>] [43 </home/tom/Documents/Stage/Memoire/Repro_magie.png>] [44] [45]
File: Hered_a50.png Graphic file (type png)
<use Hered_a50.png>
Package pdftex.def Info: Hered_a50.png  used on input line 1702.
(pdftex.def)             Requested size: 234.00238pt x 175.50133pt.
 [46] [47] [48]
<AP_allRGT_count20.png, id=262, 462.528pt x 346.896pt>
File: AP_allRGT_count20.png Graphic file (type png)
<use AP_allRGT_count20.png>
Package pdftex.def Info: AP_allRGT_count20.png  used on input line 1949.
(pdftex.def)             Requested size: 234.00238pt x 175.50133pt.
 [49] [50 </home/tom/Documents/Stage/Memoire/AP_allRGT_count20.png>]
Chapter 4.
[51

]
Appendix A.
(/usr/share/texmf-dist/tex/latex/listings/lstlang1.sty
File: lstlang1.sty 2018/09/02 1.7 listings language file
) (/home/tom/Documents/Stage/Memoire/Exogenous.py [52

] [53] [54]
LaTeX Font Info:    Font shape `OMS/cmr/m/n' in size <10> not available
(Font)              Font shape `OMS/cmsy/m/n' tried instead on input line 127.
 [55] [56] [57] [58] [59] [60] [61] [62] [63]) (/home/tom/Documents/Stage/Memoire/Sacrifice.py [64] [65] [66] [67] [68] [69] [70]) [71]
Appendix B.

Overfull \hbox (13.99774pt too wide) in paragraph at lines 1994--1994
|[]\T1/cmr/bx/n/24.88 Mathematical demon-stra-tions| 
 []

[72

]
Overfull \hbox (83.7104pt too wide) detected at line 2026
\OML/cmm/m/it/12 f[]\OT1/cmr/m/n/12 (\OML/cmm/m/it/12 x\OT1/cmr/m/n/12 ) = \OML/cmm/m/it/12 p \OMS/cmsy/m/n/12 ^^C [] \OT1/cmr/m/n/12 + \OML/cmm/m/it/12 M\OT1/cmr/m/n/12 (1 \OMS/cmsy/m/n/12 ^^@ \OML/cmm/m/it/12 p\OT1/cmr/m/n/12 )[]\OML/cmm/m/it/12 x[]
 []

<Beta.png, id=341, 462.528pt x 346.896pt>
File: Beta.png Graphic file (type png)
<use Beta.png>
Package pdftex.def Info: Beta.png  used on input line 2042.
(pdftex.def)             Requested size: 390.0pt x 292.5128pt.

LaTeX Warning: `h' float specifier changed to `ht'.

[73] [74 </home/tom/Documents/Stage/Memoire/Beta.png>] [75]
\tf@thm=\write4
\openout4 = `Memoire.thm'.

 [76] (/home/tom/Documents/Stage/Memoire/Memoire.aux)

LaTeX Warning: There were multiply-defined labels.

 ) 
Here is how much of TeX's memory you used:
 8321 strings out of 492616
 116583 string characters out of 6135177
 631067 words of memory out of 5000000
 12063 multiletter control sequences out of 15000+600000
 29280 words of font info for 67 fonts, out of 8000000 for 9000
 1141 hyphenation exceptions out of 8191
 42i,18n,46p,637b,1805s stack positions out of 5000i,500n,10000p,200000b,80000s
{/usr/share/texmf-dist/fonts/enc/dvips/cm-super/cm-super-t1.enc}</usr/share/texmf-dist/fonts/type1/public/amsfonts/cm/cmbx12.pfb></usr/share/texmf-dist/fonts/type1/public/amsfonts/cm/cmex10.pfb></usr/share/texmf-dist/fonts/type1/public/amsfonts/cm/cmmi10.pfb></usr/share/texmf-dist/fonts/type1/public/amsfonts/cm/cmmi12.pfb></usr/share/texmf-dist/fonts/type1/public/amsfonts/cm/cmmi6.pfb></usr/share/texmf-dist/fonts/type1/public/amsfonts/cm/cmmi7.pfb></usr/share/texmf-dist/fonts/type1/public/amsfonts/cm/cmmi8.pfb></usr/share/texmf-dist/fonts/type1/public/amsfonts/cm/cmr10.pfb></usr/share/texmf-dist/fonts/type1/public/amsfonts/cm/cmr12.pfb></usr/share/texmf-dist/fonts/type1/public/amsfonts/cm/cmr6.pfb></usr/share/texmf-dist/fonts/type1/public/amsfonts/cm/cmr8.pfb></usr/share/texmf-dist/fonts/type1/public/amsfonts/cm/cmsy10.pfb></usr/share/texmf-dist/fonts/type1/public/amsfonts/cm/cmsy8.pfb></usr/share/texmf-dist/fonts/type1/public/cm-super/sfbi1200.pfb></usr/share/texmf-dist/fonts/type1/public/cm-super/sfbi1440.pfb></usr/share/texmf-dist/fonts/type1/public/cm-super/sfbx1000.pfb></usr/share/texmf-dist/fonts/type1/public/cm-super/sfbx1200.pfb></usr/share/texmf-dist/fonts/type1/public/cm-super/sfbx1440.pfb></usr/share/texmf-dist/fonts/type1/public/cm-super/sfbx1728.pfb></usr/share/texmf-dist/fonts/type1/public/cm-super/sfbx2488.pfb></usr/share/texmf-dist/fonts/type1/public/cm-super/sfcc1200.pfb></usr/share/texmf-dist/fonts/type1/public/cm-super/sfcc1728.pfb></usr/share/texmf-dist/fonts/type1/public/cm-super/sfcc2074.pfb></usr/share/texmf-dist/fonts/type1/public/cm-super/sfrm0600.pfb></usr/share/texmf-dist/fonts/type1/public/cm-super/sfrm0700.pfb></usr/share/texmf-dist/fonts/type1/public/cm-super/sfrm0800.pfb></usr/share/texmf-dist/fonts/type1/public/cm-super/sfrm1000.pfb></usr/share/texmf-dist/fonts/type1/public/cm-super/sfrm1095.pfb></usr/share/texmf-dist/fonts/type1/public/cm-super/sfrm1200.pfb></usr/share/texmf-dist/fonts/type1/public/cm-super/sfrm1440.pfb></usr/share/texmf-dist/fonts/type1/public/cm-super/sfti1000.pfb></usr/share/texmf-dist/fonts/type1/public/cm-super/sfti1200.pfb></usr/share/texmf-dist/fonts/type1/public/cm-super/sfti1728.pfb>
Output written on /home/tom/Documents/Stage/Memoire/Memoire.pdf (80 pages, 9151124 bytes).
PDF statistics:
 463 PDF objects out of 1000 (max. 8388607)
 298 compressed objects within 3 object streams
 0 named destinations out of 1000 (max. 500000)
 146 words of extra memory for PDF output out of 10000 (max. 10000000)

